
/home/runner/work/exp-constant-head-permeability-test-nitk/exp-constant-head-permeability-test-nitk/experiment/simulation/js/const.js
    8:7   warning  'tooltip' is assigned a value but never used       no-unused-vars
   13:3   warning  Mixed spaces and tabs                              no-mixed-spaces-and-tabs
   14:3   warning  Mixed spaces and tabs                              no-mixed-spaces-and-tabs
   15:3   warning  Mixed spaces and tabs                              no-mixed-spaces-and-tabs
   21:5   warning  'i' is not defined                                 no-undef
   21:9   warning  'i' is not defined                                 no-undef
   21:26  warning  'i' is not defined                                 no-undef
   22:20  warning  'i' is not defined                                 no-undef
   29:3   warning  Mixed spaces and tabs                              no-mixed-spaces-and-tabs
   30:3   warning  Mixed spaces and tabs                              no-mixed-spaces-and-tabs
   31:3   warning  Mixed spaces and tabs                              no-mixed-spaces-and-tabs
   33:3   warning  Mixed spaces and tabs                              no-mixed-spaces-and-tabs
   34:3   warning  Mixed spaces and tabs                              no-mixed-spaces-and-tabs
   39:2   warning  '$' is not defined                                 no-undef
   43:2   warning  'el' is not defined                                no-undef
   44:2   warning  'el' is not defined                                no-undef
   45:2   warning  'el' is not defined                                no-undef
   46:48  warning  'el' is not defined                                no-undef
   48:6   warning  'j' is not defined                                 no-undef
   48:10  warning  'j' is not defined                                 no-undef
   48:32  warning  'j' is not defined                                 no-undef
   50:3   warning  'opt' is not defined                               no-undef
   50:22  warning  'j' is not defined                                 no-undef
   51:3   warning  'el' is not defined                                no-undef
   52:3   warning  'el' is not defined                                no-undef
   52:20  warning  'opt' is not defined                               no-undef
   53:3   warning  'el' is not defined                                no-undef
   53:14  warning  'opt' is not defined                               no-undef
   54:49  warning  'el' is not defined                                no-undef
   55:3   warning  '$' is not defined                                 no-undef
   57:4   warning  'ca' is not defined                                no-undef
   57:7   warning  '$' is not defined                                 no-undef
   58:26  warning  'ca' is not defined                                no-undef
   78:9   warning  'table' is assigned a value but never used         no-unused-vars
   81:3   warning  '$' is not defined                                 no-undef
   84:4   warning  '$' is not defined                                 no-undef
  328:3   warning  Mixed spaces and tabs                              no-mixed-spaces-and-tabs
  333:3   warning  Mixed spaces and tabs                              no-mixed-spaces-and-tabs
  336:3   warning  Mixed spaces and tabs                              no-mixed-spaces-and-tabs
  404:10  warning  'navNext' is defined but never used                no-unused-vars
  421:7   warning  'dataSentence' is assigned a value but never used  no-unused-vars

/home/runner/work/exp-constant-head-permeability-test-nitk/exp-constant-head-permeability-test-nitk/experiment/simulation/js/jquerymin.js
  2:71     warning  'module' is not defined                                                    no-undef
  2:86     warning  'module' is not defined                                                    no-undef
  2:863    warning  'b' is assigned a value but never used                                     no-unused-vars
  2:3050   warning  'r' is assigned a value but never used                                     no-unused-vars
  2:5376   warning  Unexpected control character(s) in regular expression: \x1f, \x1f          no-control-regex
  2:5847   warning  Expected a conditional expression and instead saw an assignment            no-cond-assign
  2:6101   warning  Expected a conditional expression and instead saw an assignment            no-cond-assign
  2:6532   warning  Expected a conditional expression and instead saw an assignment            no-cond-assign
  2:6758   warning  Empty block statement                                                      no-empty
  2:7320   warning  Expected a conditional expression and instead saw an assignment            no-cond-assign
  2:9378   warning  Expected a conditional expression and instead saw an assignment            no-cond-assign
  2:9688   warning  Expected a conditional expression and instead saw an assignment            no-cond-assign
  2:11489  warning  Expected a conditional expression and instead saw an assignment            no-cond-assign
  2:12064  warning  Expected a conditional expression and instead saw an assignment            no-cond-assign
  2:12102  warning  Expected a conditional expression and instead saw an assignment            no-cond-assign
  2:12520  warning  Empty block statement                                                      no-empty
  2:13134  warning  Expected a conditional expression and instead saw an assignment            no-cond-assign
  2:13446  warning  Expected a conditional expression and instead saw an assignment            no-cond-assign
  2:15271  warning  Expected a conditional expression and instead saw an assignment            no-cond-assign
  2:15542  warning  Expected a conditional expression and instead saw an assignment            no-cond-assign
  2:15740  warning  Expected a conditional expression and instead saw an assignment            no-cond-assign
  2:16114  warning  Do not access Object.prototype method 'hasOwnProperty' from target object  no-prototype-builtins
  2:16815  warning  Expected a conditional expression and instead saw an assignment            no-cond-assign
  2:19155  warning  Expected a conditional expression and instead saw an assignment            no-cond-assign
  2:19255  warning  Expected a conditional expression and instead saw an assignment            no-cond-assign
  2:19315  warning  Expected a conditional expression and instead saw an assignment            no-cond-assign
  2:20674  warning  Expected a conditional expression and instead saw an assignment            no-cond-assign
  2:21288  warning  Expected a conditional expression and instead saw an assignment            no-cond-assign
  2:21399  warning  Expected a conditional expression and instead saw an assignment            no-cond-assign
  2:23719  warning  Unnecessary escape character: \/                                           no-useless-escape
  2:33344  warning  Empty block statement                                                      no-empty
  2:37050  warning  Unnecessary escape character: \/                                           no-useless-escape
  2:38265  warning  Expected a conditional expression and instead saw an assignment            no-cond-assign
  2:38405  warning  Expected a conditional expression and instead saw an assignment            no-cond-assign
  2:39039  warning  Empty block statement                                                      no-empty
  2:45778  warning  Unnecessary escape character: \/                                           no-useless-escape
  2:48087  warning  Expected a conditional expression and instead saw an assignment            no-cond-assign
  2:49647  warning  Empty block statement                                                      no-empty
  2:57298  warning  Expected a conditional expression and instead saw an assignment            no-cond-assign
  2:59847  warning  Expected a conditional expression and instead saw an assignment            no-cond-assign
  2:64132  warning  Expected a conditional expression and instead saw an assignment            no-cond-assign
  2:65877  warning  Expected a conditional expression and instead saw an assignment            no-cond-assign
  2:65943  warning  Expected a conditional expression and instead saw an assignment            no-cond-assign
  2:66247  warning  Expected a conditional expression and instead saw an assignment            no-cond-assign
  2:66313  warning  Expected a conditional expression and instead saw an assignment            no-cond-assign
  2:66720  warning  Expected a conditional expression and instead saw an assignment            no-cond-assign
  2:66997  warning  Expected a conditional expression and instead saw an assignment            no-cond-assign
  2:72432  warning  Expected a conditional expression and instead saw an assignment            no-cond-assign
  2:74924  warning  Expected a conditional expression and instead saw an assignment            no-cond-assign
  2:75645  warning  'l.href' is assigned to itself                                             no-self-assign
  2:79204  warning  Empty block statement                                                      no-empty
  2:83243  warning  Expected a conditional expression and instead saw an assignment            no-cond-assign
  2:83243  warning  'l' is assigned a value but never used                                     no-unused-vars
  2:86651  warning  'define' is not defined                                                    no-undef
  2:86663  warning  'define' is not defined                                                    no-undef

✖ 96 problems (0 errors, 96 warnings)

